2024-09-24T19:57:37+00:00 NOTICE 3.1.0 - No subscription webhooks found using API version 3. No updates needed. CONTEXT: {"_legacy":true}
2024-09-24T19:57:37+00:00 NOTICE 7.5.0 upgrade complete from Subscriptions v0 while WooCommerce WC_VERSION 8.9.3 and database version 8.9.3 was active. CONTEXT: {"_legacy":true}
2024-09-24T19:57:37+00:00 NOTICE Environment info: CONTEXT: {"_legacy":true}
2024-09-24T19:57:37+00:00 NOTICE     WordPress Version : 6.6.2 CONTEXT: {"_legacy":true}
2024-09-24T19:57:37+00:00 NOTICE Active Plugins: CONTEXT: {"_legacy":true}
2024-09-24T19:57:37+00:00 NOTICE     All in One SEO by All in One SEO Team – 4.6.4 CONTEXT: {"_legacy":true}
2024-09-24T19:57:37+00:00 NOTICE     Astra Pro by Brainstorm Force – 4.7.0 CONTEXT: {"_legacy":true}
2024-09-24T19:57:37+00:00 NOTICE     Premium Starter Templates by Brainstorm Force – 4.3.0 CONTEXT: {"_legacy":true}
2024-09-24T19:57:37+00:00 NOTICE     Starter Templates by Brainstorm Force – 4.3.0 CONTEXT: {"_legacy":true}
2024-09-24T19:57:37+00:00 NOTICE     Envira Gallery Lite by Envira Gallery Team – 1.8.12 CONTEXT: {"_legacy":true}
2024-09-24T19:57:37+00:00 NOTICE     Google Analytics for WordPress by MonsterInsights by MonsterInsights – 8.27.0 CONTEXT: {"_legacy":true}
2024-09-24T19:57:37+00:00 NOTICE     Google Listings and Ads by WooCommerce – 2.7.1 CONTEXT: {"_legacy":true}
2024-09-24T19:57:37+00:00 NOTICE     Jetpack by Automattic – 13.5 CONTEXT: {"_legacy":true}
2024-09-24T19:57:37+00:00 NOTICE     Image optimization service by Optimole by Optimole – 3.13.3 CONTEXT: {"_legacy":true}
2024-09-24T19:57:37+00:00 NOTICE     OptinMonster by OptinMonster Popup Builder Team – 2.16.2 CONTEXT: {"_legacy":true}
2024-09-24T19:57:37+00:00 NOTICE     Otter – Page Builder Blocks & Extensions for Gutenberg by ThemeIsle – 2.6.12 CONTEXT: {"_legacy":true}
2024-09-24T19:57:37+00:00 NOTICE     Pasarela Unificada de Redsys para WooCommerce by Redsys Servicios de Procesamiento S.L. – 1.5.1 CONTEXT: {"_legacy":true}
2024-09-24T19:57:37+00:00 NOTICE     Speed Optimizer by SiteGround – 7.6.0 CONTEXT: {"_legacy":true}
2024-09-24T19:57:37+00:00 NOTICE     Security Optimizer by SiteGround – 1.5.0 CONTEXT: {"_legacy":true}
2024-09-24T19:57:37+00:00 NOTICE     Templates Patterns Collection by ThemeIsle – 1.2.9 CONTEXT: {"_legacy":true}
2024-09-24T19:57:37+00:00 NOTICE     TH All In One Woo Cart Pro by ThemeHunk – 3.1.1 CONTEXT: {"_legacy":true}
2024-09-24T19:57:37+00:00 NOTICE     Spectra by Brainstorm Force – 2.13.3 CONTEXT: {"_legacy":true}
2024-09-24T19:57:37+00:00 NOTICE     WooCommerce Legacy REST API by WooCommerce – 1.0.4 CONTEXT: {"_legacy":true}
2024-09-24T19:57:37+00:00 NOTICE     WooPayments by Automattic – 7.7.0 CONTEXT: {"_legacy":true}
2024-09-24T19:57:37+00:00 NOTICE     WooCommerce Subscriptions by WooCommerce – 6.7.0 CONTEXT: {"_legacy":true}
2024-09-24T19:57:37+00:00 NOTICE     WooCommerce by Automattic – 8.9.3 CONTEXT: {"_legacy":true}
2024-09-24T19:57:37+00:00 NOTICE     WordPress Importer by wordpressdotorg – 0.8.2 CONTEXT: {"_legacy":true}
2024-09-24T19:57:37+00:00 NOTICE     SiteGround Central by SiteGround – 3.0.2 CONTEXT: {"_legacy":true}
2024-09-24T19:57:37+00:00 NOTICE     LightStart - Maintenance Mode, Coming Soon and Landing Page Builder by Themeisle – 2.6.11 CONTEXT: {"_legacy":true}
2024-09-24T19:57:37+00:00 NOTICE     WPForms Lite by WPForms – 1.8.8.3 CONTEXT: {"_legacy":true}
