2024-09-25T14:14:36+00:00 NOTICE 3.1.0 - No subscription webhooks found using API version 3. No updates needed. CONTEXT: {"_legacy":true}
2024-09-25T14:14:36+00:00 NOTICE 7.5.0 upgrade complete from Subscriptions v0 while WooCommerce WC_VERSION 9.3.2 and database version 8.8.3 was active. CONTEXT: {"_legacy":true}
2024-09-25T14:14:36+00:00 NOTICE Environment info: CONTEXT: {"_legacy":true}
2024-09-25T14:14:36+00:00 NOTICE     WordPress Version : 6.6.2 CONTEXT: {"_legacy":true}
2024-09-25T14:14:36+00:00 NOTICE Active Plugins: CONTEXT: {"_legacy":true}
2024-09-25T14:14:36+00:00 NOTICE     All in One SEO by All in One SEO Team – 4.7.1.1 CONTEXT: {"_legacy":true}
2024-09-25T14:14:36+00:00 NOTICE     Astra Pro by Brainstorm Force – 4.8.1 CONTEXT: {"_legacy":true}
2024-09-25T14:14:36+00:00 NOTICE     Premium Starter Templates by Brainstorm Force – 4.4.2 CONTEXT: {"_legacy":true}
2024-09-25T14:14:36+00:00 NOTICE     Starter Templates by Brainstorm Force – 4.4.2 CONTEXT: {"_legacy":true}
2024-09-25T14:14:36+00:00 NOTICE     Envira Gallery Lite by Envira Gallery Team – 1.8.15 CONTEXT: {"_legacy":true}
2024-09-25T14:14:36+00:00 NOTICE     Google Analytics for WordPress by MonsterInsights by MonsterInsights – 9.1.1 CONTEXT: {"_legacy":true}
2024-09-25T14:14:36+00:00 NOTICE     Google for WooCommerce by WooCommerce – 2.8.5 CONTEXT: {"_legacy":true}
2024-09-25T14:14:36+00:00 NOTICE     Jetpack by Automattic – 13.8.1 CONTEXT: {"_legacy":true}
2024-09-25T14:14:36+00:00 NOTICE     Image optimization service by Optimole by Optimole – 3.13.7 CONTEXT: {"_legacy":true}
2024-09-25T14:14:36+00:00 NOTICE     OptinMonster by OptinMonster Popup Builder Team – 2.16.5 CONTEXT: {"_legacy":true}
2024-09-25T14:14:36+00:00 NOTICE     Otter – Page Builder Blocks & Extensions for Gutenberg by ThemeIsle – 3.0.3 CONTEXT: {"_legacy":true}
2024-09-25T14:14:36+00:00 NOTICE     Pasarela Unificada de Redsys para WooCommerce by Redsys Servicios de Procesamiento S.L. – 1.5.1 CONTEXT: {"_legacy":true}
2024-09-25T14:14:36+00:00 NOTICE     Speed Optimizer by SiteGround – 7.6.6 CONTEXT: {"_legacy":true}
2024-09-25T14:14:36+00:00 NOTICE     Security Optimizer by SiteGround – 1.5.5 CONTEXT: {"_legacy":true}
2024-09-25T14:14:36+00:00 NOTICE     Templates Patterns Collection by ThemeIsle – 1.2.10 CONTEXT: {"_legacy":true}
2024-09-25T14:14:36+00:00 NOTICE     TH All In One Woo Cart Pro by ThemeHunk – 3.1.1 CONTEXT: {"_legacy":true}
2024-09-25T14:14:36+00:00 NOTICE     Spectra by Brainstorm Force – 2.15.3 CONTEXT: {"_legacy":true}
2024-09-25T14:14:36+00:00 NOTICE     WooCommerce Legacy REST API by WooCommerce – 1.0.4 CONTEXT: {"_legacy":true}
2024-09-25T14:14:36+00:00 NOTICE     WooPayments by WooCommerce – 8.2.1 CONTEXT: {"_legacy":true}
2024-09-25T14:14:36+00:00 NOTICE     WooCommerce Subscriptions by WooCommerce – 6.7.0 CONTEXT: {"_legacy":true}
2024-09-25T14:14:36+00:00 NOTICE     WooCommerce by Automattic – 9.3.2 CONTEXT: {"_legacy":true}
2024-09-25T14:14:36+00:00 NOTICE     WordPress Importer by wordpressdotorg – 0.8.2 CONTEXT: {"_legacy":true}
2024-09-25T14:14:36+00:00 NOTICE     SiteGround Central by SiteGround – 3.1.0 CONTEXT: {"_legacy":true}
2024-09-25T14:14:36+00:00 NOTICE     LightStart - Maintenance Mode, Coming Soon and Landing Page Builder by Themeisle – 2.6.12 CONTEXT: {"_legacy":true}
2024-09-25T14:14:36+00:00 NOTICE     WPForms Lite by WPForms – 1.9.0.4 CONTEXT: {"_legacy":true}
2024-09-25T14:14:36+00:00 NOTICE     YITH WooCommerce Subscription by YITH – 4.1.0 CONTEXT: {"_legacy":true}
